@!@!@STARTMSG 2262:0 @!@!@
TLC2 Version 2.16 of 31 December 2020 (rev: cdddf55)
@!@!@ENDMSG 2262 @!@!@
@!@!@STARTMSG 2187:0 @!@!@
Running breadth-first search Model-Checking with fp 115 and seed 8926263275602660856 with 8 workers on 16 cores with 1214MB heap and 2730MB offheap memory [pid: 19667] (Mac OS X 10.16 x86_64, AdoptOpenJDK 14.0.1 x86_64, OffHeapDiskFPSet, DiskStateQueue).
@!@!@ENDMSG 2187 @!@!@
@!@!@STARTMSG 2220:0 @!@!@
Starting SANY...
@!@!@ENDMSG 2220 @!@!@
Parsing file /Users/jeremy/art/personal/specs/algorithm/library/library.toolbox/OneCopyPerBook/MC.tla
Parsing file /Users/jeremy/art/personal/specs/algorithm/library/library.toolbox/OneCopyPerBook/library.tla
Parsing file /Applications/TLA+ Toolbox.app/Contents/Eclipse/plugins/org.lamport.tlatools_1.0.0.202012311918/tla2sany/StandardModules/TLC.tla
Parsing file /Applications/TLA+ Toolbox.app/Contents/Eclipse/plugins/org.lamport.tlatools_1.0.0.202012311918/tla2sany/StandardModules/Naturals.tla
Parsing file /Applications/TLA+ Toolbox.app/Contents/Eclipse/plugins/org.lamport.tlatools_1.0.0.202012311918/tla2sany/StandardModules/Integers.tla
Parsing file /Applications/TLA+ Toolbox.app/Contents/Eclipse/plugins/org.lamport.tlatools_1.0.0.202012311918/tla2sany/StandardModules/Sequences.tla
Parsing file /Users/jeremy/art/personal/specs/libraries/PT/PT.tla
Parsing file /Applications/TLA+ Toolbox.app/Contents/Eclipse/plugins/org.lamport.tlatools_1.0.0.202012311918/tla2sany/StandardModules/FiniteSets.tla
Semantic processing of module Naturals
Semantic processing of module Integers
Semantic processing of module Sequences
Semantic processing of module FiniteSets
Semantic processing of module TLC
Semantic processing of module PT
Semantic processing of module library
Semantic processing of module MC
@!@!@STARTMSG 2219:0 @!@!@
SANY finished.
@!@!@ENDMSG 2219 @!@!@
@!@!@STARTMSG 2185:0 @!@!@
Starting... (2021-02-26 23:49:22)
@!@!@ENDMSG 2185 @!@!@
@!@!@STARTMSG 2212:0 @!@!@
Implied-temporal checking--satisfiability problem has 4 branches.
@!@!@ENDMSG 2212 @!@!@
@!@!@STARTMSG 2189:0 @!@!@
Computing initial states...
@!@!@ENDMSG 2189 @!@!@
@!@!@STARTMSG 2269:0 @!@!@
Computed 2 initial states...
@!@!@ENDMSG 2269 @!@!@
@!@!@STARTMSG 2269:0 @!@!@
Computed 4 initial states...
@!@!@ENDMSG 2269 @!@!@
@!@!@STARTMSG 2269:0 @!@!@
Computed 8 initial states...
@!@!@ENDMSG 2269 @!@!@
@!@!@STARTMSG 2190:0 @!@!@
Finished computing initial states: 16 distinct states generated at 2021-02-26 23:49:27.
@!@!@ENDMSG 2190 @!@!@
@!@!@STARTMSG 2200:0 @!@!@
Progress(9) at 2021-02-26 23:49:29: 19,216 states generated, 3,600 distinct states found, 0 states left on queue.
@!@!@ENDMSG 2200 @!@!@
@!@!@STARTMSG 2192:0 @!@!@
Checking 4 branches of temporal properties for the complete state space with 14400 total distinct states at (2021-02-26 23:49:29)
@!@!@ENDMSG 2192 @!@!@
@!@!@STARTMSG 2116:1 @!@!@
Temporal properties were violated.

@!@!@ENDMSG 2116 @!@!@
@!@!@STARTMSG 2264:1 @!@!@
The following behavior constitutes a counter-example:

@!@!@ENDMSG 2264 @!@!@
@!@!@STARTMSG 2217:4 @!@!@
1: <Initial predicate>
/\ books = (George :> {} @@ Harold :> {})
/\ wants = (George :> {Bible, HitchhikersGuide} @@ Harold :> {Bible, HitchhikersGuide})
/\ library = (Bible :> 1 @@ HitchhikersGuide :> 1)
/\ pc = (George :> "Person" @@ Harold :> "Person")
/\ reserves = (Bible :> <<>> @@ HitchhikersGuide :> <<>>)

@!@!@ENDMSG 2217 @!@!@
@!@!@STARTMSG 2217:4 @!@!@
2: <Person line 100, col 17 to line 119, col 55 of module library>
/\ books = (George :> {} @@ Harold :> {})
/\ wants = (George :> {Bible, HitchhikersGuide} @@ Harold :> {Bible, HitchhikersGuide})
/\ library = (Bible :> 1 @@ HitchhikersGuide :> 1)
/\ pc = (George :> "Person" @@ Harold :> "Person")
/\ reserves = (Bible :> <<George>> @@ HitchhikersGuide :> <<>>)

@!@!@ENDMSG 2217 @!@!@
@!@!@STARTMSG 2217:4 @!@!@
3: <Person line 100, col 17 to line 119, col 55 of module library>
/\ books = (George :> {} @@ Harold :> {})
/\ wants = (George :> {Bible, HitchhikersGuide} @@ Harold :> {Bible, HitchhikersGuide})
/\ library = (Bible :> 1 @@ HitchhikersGuide :> 1)
/\ pc = (George :> "Person" @@ Harold :> "Person")
/\ reserves = (Bible :> <<George>> @@ HitchhikersGuide :> <<George>>)

@!@!@ENDMSG 2217 @!@!@
@!@!@STARTMSG 2217:4 @!@!@
4: <Person line 100, col 17 to line 119, col 55 of module library>
/\ books = (George :> {} @@ Harold :> {})
/\ wants = (George :> {Bible, HitchhikersGuide} @@ Harold :> {Bible, HitchhikersGuide})
/\ library = (Bible :> 1 @@ HitchhikersGuide :> 1)
/\ pc = (George :> "Person" @@ Harold :> "Person")
/\ reserves = (Bible :> <<George>> @@ HitchhikersGuide :> <<George, Harold>>)

@!@!@ENDMSG 2217 @!@!@
@!@!@STARTMSG 2217:4 @!@!@
5: <Person line 100, col 17 to line 119, col 55 of module library>
/\ books = (George :> {} @@ Harold :> {})
/\ wants = (George :> {Bible, HitchhikersGuide} @@ Harold :> {Bible, HitchhikersGuide})
/\ library = (Bible :> 1 @@ HitchhikersGuide :> 1)
/\ pc = (George :> "Person" @@ Harold :> "Person")
/\ reserves = (Bible :> <<George, Harold>> @@ HitchhikersGuide :> <<George, Harold>>)

@!@!@ENDMSG 2217 @!@!@
@!@!@STARTMSG 2217:4 @!@!@
6: <Person line 100, col 17 to line 119, col 55 of module library>
/\ books = (George :> {Bible} @@ Harold :> {})
/\ wants = (George :> {HitchhikersGuide} @@ Harold :> {Bible, HitchhikersGuide})
/\ library = (Bible :> 0 @@ HitchhikersGuide :> 1)
/\ pc = (George :> "Person" @@ Harold :> "Person")
/\ reserves = (Bible :> <<Harold>> @@ HitchhikersGuide :> <<George, Harold>>)

@!@!@ENDMSG 2217 @!@!@
@!@!@STARTMSG 2217:4 @!@!@
7: <Person line 100, col 17 to line 119, col 55 of module library>
/\ books = (George :> {} @@ Harold :> {})
/\ wants = (George :> {HitchhikersGuide} @@ Harold :> {Bible, HitchhikersGuide})
/\ library = (Bible :> 1 @@ HitchhikersGuide :> 1)
/\ pc = (George :> "Person" @@ Harold :> "Person")
/\ reserves = (Bible :> <<Harold>> @@ HitchhikersGuide :> <<George, Harold>>)

@!@!@ENDMSG 2217 @!@!@
@!@!@STARTMSG 2217:4 @!@!@
8: <Person line 100, col 17 to line 119, col 55 of module library>
/\ books = (George :> {} @@ Harold :> {})
/\ wants = (George :> {HitchhikersGuide} @@ Harold :> {Bible, HitchhikersGuide})
/\ library = (Bible :> 1 @@ HitchhikersGuide :> 1)
/\ pc = (George :> "Person" @@ Harold :> "Person")
/\ reserves = (Bible :> <<Harold, George>> @@ HitchhikersGuide :> <<George, Harold>>)

@!@!@ENDMSG 2217 @!@!@
@!@!@STARTMSG 2217:4 @!@!@
9: <Person line 100, col 17 to line 119, col 55 of module library>
/\ books = (George :> {} @@ Harold :> {Bible})
/\ wants = (George :> {HitchhikersGuide} @@ Harold :> {HitchhikersGuide})
/\ library = (Bible :> 0 @@ HitchhikersGuide :> 1)
/\ pc = (George :> "Person" @@ Harold :> "Person")
/\ reserves = (Bible :> <<George>> @@ HitchhikersGuide :> <<George, Harold>>)

@!@!@ENDMSG 2217 @!@!@
@!@!@STARTMSG 2217:4 @!@!@
10: <Person line 100, col 17 to line 119, col 55 of module library>
/\ books = (George :> {} @@ Harold :> {Bible})
/\ wants = (George :> {HitchhikersGuide} @@ Harold :> {HitchhikersGuide})
/\ library = (Bible :> 0 @@ HitchhikersGuide :> 1)
/\ pc = (George :> "Person" @@ Harold :> "Person")
/\ reserves = (Bible :> <<George, Harold>> @@ HitchhikersGuide :> <<George, Harold>>)

@!@!@ENDMSG 2217 @!@!@
@!@!@STARTMSG 2217:4 @!@!@
11: <Person line 100, col 17 to line 119, col 55 of module library>
/\ books = (George :> {} @@ Harold :> {Bible})
/\ wants = (George :> {HitchhikersGuide} @@ Harold :> {Bible, HitchhikersGuide})
/\ library = (Bible :> 0 @@ HitchhikersGuide :> 1)
/\ pc = (George :> "Person" @@ Harold :> "Person")
/\ reserves = (Bible :> <<George, Harold>> @@ HitchhikersGuide :> <<George, Harold>>)

@!@!@ENDMSG 2217 @!@!@
@!@!@STARTMSG 2217:4 @!@!@
12: <Person line 100, col 17 to line 119, col 55 of module library>
/\ books = (George :> {} @@ Harold :> {Bible})
/\ wants = (George :> {Bible, HitchhikersGuide} @@ Harold :> {Bible, HitchhikersGuide})
/\ library = (Bible :> 0 @@ HitchhikersGuide :> 1)
/\ pc = (George :> "Person" @@ Harold :> "Person")
/\ reserves = (Bible :> <<George, Harold>> @@ HitchhikersGuide :> <<George, Harold>>)

@!@!@ENDMSG 2217 @!@!@
@!@!@STARTMSG 2122:4 @!@!@
5: Back to state: <Person line 100, col 17 to line 119, col 55 of module library>

@!@!@ENDMSG 2122 @!@!@
@!@!@STARTMSG 2267:0 @!@!@
Finished checking temporal properties in 00s at 2021-02-26 23:49:29
@!@!@ENDMSG 2267 @!@!@
@!@!@STARTMSG 2201:0 @!@!@
The coverage statistics at 2021-02-26 23:49:29
@!@!@ENDMSG 2201 @!@!@
@!@!@STARTMSG 2773:0 @!@!@
<Init line 92, col 1 to line 92, col 4 of module library>: 32:32
@!@!@ENDMSG 2773 @!@!@
@!@!@STARTMSG 2221:0 @!@!@
  line 93, col 12 to line 93, col 43 of module library: 2
@!@!@ENDMSG 2221 @!@!@
@!@!@STARTMSG 2221:0 @!@!@
  line 94, col 12 to line 94, col 44 of module library: 2
@!@!@ENDMSG 2221 @!@!@
@!@!@STARTMSG 2221:0 @!@!@
  line 96, col 12 to line 96, col 43 of module library: 2
@!@!@ENDMSG 2221 @!@!@
@!@!@STARTMSG 2221:0 @!@!@
  line 97, col 12 to line 97, col 45 of module library: 2
@!@!@ENDMSG 2221 @!@!@
@!@!@STARTMSG 2221:0 @!@!@
  line 98, col 12 to line 98, col 47 of module library: 32
@!@!@ENDMSG 2221 @!@!@
@!@!@STARTMSG 2772:0 @!@!@
<Person line 100, col 1 to line 100, col 12 of module library>: 3584:19397
@!@!@ENDMSG 2772 @!@!@
@!@!@STARTMSG 2221:0 @!@!@
  line 100, col 20 to line 100, col 38 of module library: 14388
@!@!@ENDMSG 2221 @!@!@
@!@!@STARTMSG 2221:0 @!@!@
  |line 100, col 20 to line 100, col 27 of module library: 7258
@!@!@ENDMSG 2221 @!@!@
@!@!@STARTMSG 2221:0 @!@!@
  line 102, col 31 to line 102, col 79 of module library: 1484
@!@!@ENDMSG 2221 @!@!@
@!@!@STARTMSG 2221:0 @!@!@
  line 103, col 31 to line 103, col 80 of module library: 1484
@!@!@ENDMSG 2221 @!@!@
@!@!@STARTMSG 2221:0 @!@!@
  line 104, col 31 to line 104, col 80 of module library: 1484
@!@!@ENDMSG 2221 @!@!@
@!@!@STARTMSG 2221:0 @!@!@
  line 105, col 34 to line 105, col 79 of module library: 1484
@!@!@ENDMSG 2221 @!@!@
@!@!@STARTMSG 2221:0 @!@!@
  |line 105, col 34 to line 105, col 52 of module library: 1484
@!@!@ENDMSG 2221 @!@!@
@!@!@STARTMSG 2221:0 @!@!@
  |line 105, col 57 to line 105, col 79 of module library: 975
@!@!@ENDMSG 2221 @!@!@
@!@!@STARTMSG 2221:0 @!@!@
  line 106, col 39 to line 106, col 95 of module library: 975
@!@!@ENDMSG 2221 @!@!@
@!@!@STARTMSG 2221:0 @!@!@
  line 107, col 42 to line 107, col 45 of module library: 509
@!@!@ENDMSG 2221 @!@!@
@!@!@STARTMSG 2221:0 @!@!@
  line 108, col 42 to line 108, col 59 of module library: 509
@!@!@ENDMSG 2221 @!@!@
@!@!@STARTMSG 2221:0 @!@!@
  line 101, col 35 to line 101, col 94 of module library: 7258
@!@!@ENDMSG 2221 @!@!@
@!@!@STARTMSG 2221:0 @!@!@
  |line 101, col 36 to line 101, col 79 of module library: 7258
@!@!@ENDMSG 2221 @!@!@
@!@!@STARTMSG 2221:0 @!@!@
  ||line 101, col 36 to line 101, col 56 of module library: 7258
@!@!@ENDMSG 2221 @!@!@
@!@!@STARTMSG 2775:0 @!@!@
  |||line 82, col 23 to line 84, col 29 of module library: 7258:8742
@!@!@ENDMSG 2775 @!@!@
@!@!@STARTMSG 2221:0 @!@!@
  ||||line 83, col 5 to line 84, col 28 of module library: 4892
@!@!@ENDMSG 2221 @!@!@
@!@!@STARTMSG 2221:0 @!@!@
  |||||line 83, col 8 to line 83, col 25 of module library: 4892
@!@!@ENDMSG 2221 @!@!@
@!@!@STARTMSG 2221:0 @!@!@
  |||||line 84, col 8 to line 84, col 28 of module library: 3865
@!@!@ENDMSG 2221 @!@!@
@!@!@STARTMSG 2221:0 @!@!@
  ||||line 82, col 30 to line 82, col 43 of module library: 7258
@!@!@ENDMSG 2221 @!@!@
@!@!@STARTMSG 2775:0 @!@!@
  |||||line 81, col 19 to line 81, col 47 of module library: 7258:12150
@!@!@ENDMSG 2775 @!@!@
@!@!@STARTMSG 2221:0 @!@!@
  ||||||line 81, col 33 to line 81, col 46 of module library: 14516
@!@!@ENDMSG 2221 @!@!@
@!@!@STARTMSG 2221:0 @!@!@
  ||||||line 81, col 26 to line 81, col 30 of module library: 7258
@!@!@ENDMSG 2221 @!@!@
@!@!@STARTMSG 2221:0 @!@!@
  |||line 101, col 52 to line 101, col 55 of module library: 3345
@!@!@ENDMSG 2221 @!@!@
@!@!@STARTMSG 2221:0 @!@!@
  ||line 101, col 69 to line 101, col 79 of module library: 7258
@!@!@ENDMSG 2221 @!@!@
@!@!@STARTMSG 2221:0 @!@!@
  |line 101, col 84 to line 101, col 94 of module library: 7258
@!@!@ENDMSG 2221 @!@!@
@!@!@STARTMSG 2221:0 @!@!@
  line 110, col 28 to line 111, col 80 of module library: 4812
@!@!@ENDMSG 2221 @!@!@
@!@!@STARTMSG 2221:0 @!@!@
  line 109, col 35 to line 109, col 45 of module library: 7258
@!@!@ENDMSG 2221 @!@!@
@!@!@STARTMSG 2221:0 @!@!@
  line 112, col 26 to line 112, col 54 of module library: 4812
@!@!@ENDMSG 2221 @!@!@
@!@!@STARTMSG 2221:0 @!@!@
  line 114, col 28 to line 114, col 89 of module library: 5849
@!@!@ENDMSG 2221 @!@!@
@!@!@STARTMSG 2775:0 @!@!@
  line 113, col 35 to line 113, col 83 of module library: 7258:13107
@!@!@ENDMSG 2775 @!@!@
@!@!@STARTMSG 2221:0 @!@!@
  |line 113, col 49 to line 113, col 82 of module library: 14516
@!@!@ENDMSG 2221 @!@!@
@!@!@STARTMSG 2221:0 @!@!@
  ||line 113, col 49 to line 113, col 52 of module library: 14516
@!@!@ENDMSG 2221 @!@!@
@!@!@STARTMSG 2221:0 @!@!@
  ||line 113, col 62 to line 113, col 82 of module library: 14516
@!@!@ENDMSG 2221 @!@!@
@!@!@STARTMSG 2221:0 @!@!@
  |||line 39, col 13 to line 39, col 37 of module PT: 14516
@!@!@ENDMSG 2221 @!@!@
@!@!@STARTMSG 2221:0 @!@!@
  ||||line 39, col 15 to line 39, col 18 of module PT: 17335
@!@!@ENDMSG 2221 @!@!@
@!@!@STARTMSG 2221:0 @!@!@
  ||||line 39, col 28 to line 39, col 35 of module PT: 14516
@!@!@ENDMSG 2221 @!@!@
@!@!@STARTMSG 2221:0 @!@!@
  |||line 113, col 71 to line 113, col 81 of module library: 14516
@!@!@ENDMSG 2221 @!@!@
@!@!@STARTMSG 2221:0 @!@!@
  |line 113, col 42 to line 113, col 46 of module library: 7258
@!@!@ENDMSG 2221 @!@!@
@!@!@STARTMSG 2221:0 @!@!@
  line 115, col 26 to line 115, col 60 of module library: 5849
@!@!@ENDMSG 2221 @!@!@
@!@!@STARTMSG 2221:0 @!@!@
  line 117, col 28 to line 117, col 77 of module library: 7252
@!@!@ENDMSG 2221 @!@!@
@!@!@STARTMSG 2221:0 @!@!@
  line 116, col 35 to line 116, col 53 of module library: 7258
@!@!@ENDMSG 2221 @!@!@
@!@!@STARTMSG 2221:0 @!@!@
  line 118, col 26 to line 118, col 63 of module library: 7252
@!@!@ENDMSG 2221 @!@!@
@!@!@STARTMSG 2221:0 @!@!@
  line 119, col 20 to line 119, col 55 of module library: 19397
@!@!@ENDMSG 2221 @!@!@
@!@!@STARTMSG 2772:0 @!@!@
<Terminating line 124, col 1 to line 124, col 11 of module library>: 0:0
@!@!@ENDMSG 2772 @!@!@
@!@!@STARTMSG 2221:0 @!@!@
  line 124, col 19 to line 124, col 56 of module library: 3620
@!@!@ENDMSG 2221 @!@!@
@!@!@STARTMSG 2221:0 @!@!@
  line 125, col 19 to line 125, col 32 of module library: 0
@!@!@ENDMSG 2221 @!@!@
@!@!@STARTMSG 2774:0 @!@!@
<TypeInvariant line 142, col 1 to line 142, col 13 of module library>
@!@!@ENDMSG 2774 @!@!@
@!@!@STARTMSG 2221:0 @!@!@
  line 143, col 5 to line 147, col 30 of module library: 3600
@!@!@ENDMSG 2221 @!@!@
@!@!@STARTMSG 2221:0 @!@!@
  |line 143, col 8 to line 143, col 44 of module library: 3600
@!@!@ENDMSG 2221 @!@!@
@!@!@STARTMSG 2221:0 @!@!@
  |line 144, col 8 to line 144, col 41 of module library: 3600
@!@!@ENDMSG 2221 @!@!@
@!@!@STARTMSG 2221:0 @!@!@
  |line 145, col 8 to line 145, col 41 of module library: 3600
@!@!@ENDMSG 2221 @!@!@
@!@!@STARTMSG 2221:0 @!@!@
  |line 146, col 8 to line 146, col 42 of module library: 3600
@!@!@ENDMSG 2221 @!@!@
@!@!@STARTMSG 2221:0 @!@!@
  |line 147, col 8 to line 147, col 30 of module library: 3600
@!@!@ENDMSG 2221 @!@!@
@!@!@STARTMSG 2221:0 @!@!@
  ||line 138, col 5 to line 140, col 54 of module library: 3600
@!@!@ENDMSG 2221 @!@!@
@!@!@STARTMSG 2221:0 @!@!@
  |||line 139, col 9 to line 140, col 54 of module library: 7200
@!@!@ENDMSG 2221 @!@!@
@!@!@STARTMSG 2221:0 @!@!@
  ||||line 140, col 13 to line 140, col 54 of module library: 14400
@!@!@ENDMSG 2221 @!@!@
@!@!@STARTMSG 2221:0 @!@!@
  |||||line 140, col 13 to line 140, col 18 of module library: 14400
@!@!@ENDMSG 2221 @!@!@
@!@!@STARTMSG 2221:0 @!@!@
  |||||line 140, col 23 to line 140, col 54 of module library: 5760
@!@!@ENDMSG 2221 @!@!@
@!@!@STARTMSG 2221:0 @!@!@
  ||||line 139, col 21 to line 139, col 39 of module library: 7200
@!@!@ENDMSG 2221 @!@!@
@!@!@STARTMSG 2221:0 @!@!@
  |||line 138, col 14 to line 138, col 18 of module library: 3600
@!@!@ENDMSG 2221 @!@!@
@!@!@STARTMSG 2202:0 @!@!@
End of statistics.
@!@!@ENDMSG 2202 @!@!@
@!@!@STARTMSG 2200:0 @!@!@
Progress(9) at 2021-02-26 23:49:29: 19,216 states generated (149,327 s/min), 3,600 distinct states found (27,975 ds/min), 0 states left on queue.
@!@!@ENDMSG 2200 @!@!@
@!@!@STARTMSG 2199:0 @!@!@
19216 states generated, 3600 distinct states found, 0 states left on queue.
@!@!@ENDMSG 2199 @!@!@
@!@!@STARTMSG 2186:0 @!@!@
Finished in 7730ms at (2021-02-26 23:49:29)
@!@!@ENDMSG 2186 @!@!@
