@!@!@STARTMSG 2262:0 @!@!@
TLC2 Version 2.15 of Day Month 20?? (rev: be76942)
@!@!@ENDMSG 2262 @!@!@
@!@!@STARTMSG 2187:0 @!@!@
Running breadth-first search Model-Checking with fp 123 and seed 7054561099457588912 with 2 workers on 4 cores with 1204MB heap and 2705MB offheap memory [pid: 8584] (Windows 10 10.0 amd64, AdoptOpenJDK 14.0.1 x86_64, OffHeapDiskFPSet, DiskStateQueue).
@!@!@ENDMSG 2187 @!@!@
@!@!@STARTMSG 2220:0 @!@!@
Starting SANY...
@!@!@ENDMSG 2220 @!@!@
Parsing file C:\Users\jerem\source\repos\specs\algorithm\GCD\Euclid.toolbox\HyperBook_Invariants\MC.tla
Parsing file C:\Users\jerem\source\repos\specs\algorithm\GCD\Euclid.toolbox\HyperBook_Invariants\Euclid.tla
Labels added.
Parsing file C:\TLAToolbox\toolbox\plugins\org.lamport.tlatools_1.0.0.202103091938\tla2sany\StandardModules\TLC.tla
Parsing file C:\TLAToolbox\toolbox\plugins\org.lamport.tlatools_1.0.0.202103091938\tla2sany\StandardModules\Integers.tla
Parsing file C:\Users\jerem\source\repos\specs\algorithm\GCD\Euclid.toolbox\HyperBook_Invariants\GCD.tla
Parsing file C:\TLAToolbox\toolbox\plugins\org.lamport.tlatools_1.0.0.202103091938\tla2sany\StandardModules\Naturals.tla
Parsing file C:\TLAToolbox\toolbox\plugins\org.lamport.tlatools_1.0.0.202103091938\tla2sany\StandardModules\Sequences.tla
Parsing file C:\TLAToolbox\toolbox\plugins\org.lamport.tlatools_1.0.0.202103091938\tla2sany\StandardModules\FiniteSets.tla
Semantic processing of module Naturals
Semantic processing of module Integers
Semantic processing of module GCD
Semantic processing of module Euclid
Semantic processing of module Sequences
Semantic processing of module FiniteSets
Semantic processing of module TLC
Semantic processing of module MC
@!@!@STARTMSG 2219:0 @!@!@
SANY finished.
@!@!@ENDMSG 2219 @!@!@
@!@!@STARTMSG 2185:0 @!@!@
Starting... (2021-03-11 16:49:07)
@!@!@ENDMSG 2185 @!@!@
@!@!@STARTMSG 2189:0 @!@!@
Computing initial states...
@!@!@ENDMSG 2189 @!@!@
@!@!@STARTMSG 2269:0 @!@!@
Computed 2 initial states...
@!@!@ENDMSG 2269 @!@!@
@!@!@STARTMSG 2269:0 @!@!@
Computed 4 initial states...
@!@!@ENDMSG 2269 @!@!@
@!@!@STARTMSG 2269:0 @!@!@
Computed 8 initial states...
@!@!@ENDMSG 2269 @!@!@
@!@!@STARTMSG 2269:0 @!@!@
Computed 16 initial states...
@!@!@ENDMSG 2269 @!@!@
@!@!@STARTMSG 2269:0 @!@!@
Computed 32 initial states...
@!@!@ENDMSG 2269 @!@!@
@!@!@STARTMSG 2269:0 @!@!@
Computed 64 initial states...
@!@!@ENDMSG 2269 @!@!@
@!@!@STARTMSG 2269:0 @!@!@
Computed 128 initial states...
@!@!@ENDMSG 2269 @!@!@
@!@!@STARTMSG 2269:0 @!@!@
Computed 256 initial states...
@!@!@ENDMSG 2269 @!@!@
@!@!@STARTMSG 2269:0 @!@!@
Computed 512 initial states...
@!@!@ENDMSG 2269 @!@!@
@!@!@STARTMSG 2190:0 @!@!@
Finished computing initial states: 540 distinct states generated at 2021-03-11 16:49:08.
@!@!@ENDMSG 2190 @!@!@
@!@!@STARTMSG 2200:0 @!@!@
Progress(2) at 2021-03-11 16:49:11: 598 states generated (598 s/min), 598 distinct states found (598 ds/min), 538 states left on queue.
@!@!@ENDMSG 2200 @!@!@
@!@!@STARTMSG 2200:0 @!@!@
Progress(4) at 2021-03-11 16:50:11: 1,681 states generated (1,083 s/min), 1,658 distinct states found (1,060 ds/min), 515 states left on queue.
@!@!@ENDMSG 2200 @!@!@
@!@!@STARTMSG 2200:0 @!@!@
Progress(5) at 2021-03-11 16:51:11: 2,523 states generated (842 s/min), 2,456 distinct states found (798 ds/min), 471 states left on queue.
@!@!@ENDMSG 2200 @!@!@
