@!@!@STARTMSG 2262:0 @!@!@
TLC2 Version 2.15 of Day Month 20?? (rev: be76942)
@!@!@ENDMSG 2262 @!@!@
@!@!@STARTMSG 2187:0 @!@!@
Running breadth-first search Model-Checking with fp 8 and seed -732515837503364649 with 2 workers on 4 cores with 3609MB heap and 64MB offheap memory [pid: 10256] (Windows 10 10.0 amd64, AdoptOpenJDK 14.0.1 x86_64, NoopFPSet, DiskStateQueue).
@!@!@ENDMSG 2187 @!@!@
@!@!@STARTMSG 2220:0 @!@!@
Starting SANY...
@!@!@ENDMSG 2220 @!@!@
Parsing file C:\Users\jerem\source\repos\specs\algorithm\GCD\GCD.toolbox\Model_1\MC.tla
Parsing file C:\Users\jerem\source\repos\specs\algorithm\GCD\GCD.toolbox\Model_1\GCD.tla
Parsing file C:\TLAToolbox\toolbox\plugins\org.lamport.tlatools_1.0.0.202103091938\tla2sany\StandardModules\TLC.tla
Parsing file C:\TLAToolbox\toolbox\plugins\org.lamport.tlatools_1.0.0.202103091938\tla2sany\StandardModules\Integers.tla
Parsing file C:\TLAToolbox\toolbox\plugins\org.lamport.tlatools_1.0.0.202103091938\tla2sany\StandardModules\Naturals.tla
Parsing file C:\TLAToolbox\toolbox\plugins\org.lamport.tlatools_1.0.0.202103091938\tla2sany\StandardModules\Sequences.tla
Parsing file C:\TLAToolbox\toolbox\plugins\org.lamport.tlatools_1.0.0.202103091938\tla2sany\StandardModules\FiniteSets.tla
Semantic processing of module Naturals
Semantic processing of module Integers
Semantic processing of module GCD
Semantic processing of module Sequences
Semantic processing of module FiniteSets
Semantic processing of module TLC
Semantic processing of module MC
@!@!@STARTMSG 2219:0 @!@!@
SANY finished.
@!@!@ENDMSG 2219 @!@!@
@!@!@STARTMSG 2185:0 @!@!@
Starting... (2021-03-09 21:31:11)
@!@!@ENDMSG 2185 @!@!@
@!@!@STARTMSG 2105:1 @!@!@
Evaluating assumption line 10, col 8 to line 10, col 64 of module MC failed.
TLC encountered a non-enumerable quantifier bound
Int.
line 5, col 27 to line 5, col 29 of module GCD
@!@!@ENDMSG 2105 @!@!@
@!@!@STARTMSG 2186:0 @!@!@
Finished in 1642ms at (2021-03-09 21:31:11)
@!@!@ENDMSG 2186 @!@!@
